# JRE version: OpenJDK Runtime Environment (8.0_76-b03) (build 1.8.0_76-release-b03)
# Java VM: OpenJDK 64-Bit Server VM (25.76-b03 mixed mode windows-amd64 compressed oops)
Heap:
 PSYoungGen      total 441856K, used 110635K [0x00000000e0000000, 0x00000000ffb80000, 0x0000000100000000)
  eden space 364032K, 30% used [0x00000000e0000000,0x00000000e6c0aca8,0x00000000f6380000)
  from space 77824K, 0% used [0x00000000f6380000,0x00000000f6380000,0x00000000faf80000)
  to   space 77824K, 0% used [0x00000000faf80000,0x00000000faf80000,0x00000000ffb80000)
 ParOldGen       total 291840K, used 43966K [0x00000000a0000000, 0x00000000b1d00000, 0x00000000e0000000)
  object space 291840K, 15% used [0x00000000a0000000,0x00000000a2aefa20,0x00000000b1d00000)
 Metaspace       used 74293K, capacity 78108K, committed 82176K, reserved 1120256K
  class space    used 9118K, capacity 9585K, committed 10496K, reserved 1048576K
GC Heap History (10 events):
Event: 14171.979 GC heap before
{Heap before GC invocations=133 (full 20):
 PSYoungGen      total 446464K, used 370336K [0x00000000e0000000, 0x00000000fff80000, 0x0000000100000000)
  eden space 370176K, 100% used [0x00000000e0000000,0x00000000f6980000,0x00000000f6980000)
  from space 76288K, 0% used [0x00000000fb500000,0x00000000fb528000,0x00000000fff80000)
  to   space 76800K, 0% used [0x00000000f6980000,0x00000000f6980000,0x00000000fb480000)
 ParOldGen       total 331264K, used 244591K [0x00000000a0000000, 0x00000000b4380000, 0x00000000e0000000)
  object space 331264K, 73% used [0x00000000a0000000,0x00000000aeedbde8,0x00000000b4380000)
 Metaspace       used 75711K, capacity 81220K, committed 81664K, reserved 1120256K
  class space    used 9413K, capacity 10243K, committed 10496K, reserved 1048576K
Event: 14172.007 GC heap after
Heap after GC invocations=133 (full 20):
 PSYoungGen      total 424448K, used 54266K [0x00000000e0000000, 0x0000000100000000, 0x0000000100000000)
  eden space 370176K, 0% used [0x00000000e0000000,0x00000000e0000000,0x00000000f6980000)
  from space 54272K, 99% used [0x00000000f6980000,0x00000000f9e7eb60,0x00000000f9e80000)
  to   space 82432K, 0% used [0x00000000faf80000,0x00000000faf80000,0x0000000100000000)
 ParOldGen       total 331264K, used 244623K [0x00000000a0000000, 0x00000000b4380000, 0x00000000e0000000)
  object space 331264K, 73% used [0x00000000a0000000,0x00000000aeee3de8,0x00000000b4380000)
 Metaspace       used 75711K, capacity 81220K, committed 81664K, reserved 1120256K
  class space    used 9413K, capacity 10243K, committed 10496K, reserved 1048576K
}
Event: 14173.379 GC heap before
{Heap before GC invocations=134 (full 20):
 PSYoungGen      total 424448K, used 424442K [0x00000000e0000000, 0x0000000100000000, 0x0000000100000000)
  eden space 370176K, 100% used [0x00000000e0000000,0x00000000f6980000,0x00000000f6980000)
  from space 54272K, 99% used [0x00000000f6980000,0x00000000f9e7eb60,0x00000000f9e80000)
  to   space 82432K, 0% used [0x00000000faf80000,0x00000000faf80000,0x0000000100000000)
 ParOldGen       total 331264K, used 244712K [0x00000000a0000000, 0x00000000b4380000, 0x00000000e0000000)
  object space 331264K, 73% used [0x00000000a0000000,0x00000000aeefa1f0,0x00000000b4380000)
 Metaspace       used 76249K, capacity 81704K, committed 82176K, reserved 1120256K
  class space    used 9468K, capacity 10277K, committed 10496K, reserved 1048576K
Event: 14173.436 GC heap after
Heap after GC invocations=134 (full 20):
 PSYoungGen      total 446464K, used 23566K [0x00000000e0000000, 0x0000000100000000, 0x0000000100000000)
  eden space 364032K, 0% used [0x00000000e0000000,0x00000000e0000000,0x00000000f6380000)
  from space 82432K, 28% used [0x00000000faf80000,0x00000000fc683918,0x0000000100000000)
  to   space 77824K, 0% used [0x00000000f6380000,0x00000000f6380000,0x00000000faf80000)
 ParOldGen       total 331264K, used 273228K [0x00000000a0000000, 0x00000000b4380000, 0x00000000e0000000)
  object space 331264K, 82% used [0x00000000a0000000,0x00000000b0ad3110,0x00000000b4380000)
 Metaspace       used 76249K, capacity 81704K, committed 82176K, reserved 1120256K
  class space    used 9468K, capacity 10277K, committed 10496K, reserved 1048576K
}
Event: 14173.638 GC heap before
{Heap before GC invocations=135 (full 21):
 PSYoungGen      total 446464K, used 387576K [0x00000000e0000000, 0x0000000100000000, 0x0000000100000000)
  eden space 364032K, 99% used [0x00000000e0000000,0x00000000f637a9a0,0x00000000f6380000)
  from space 82432K, 28% used [0x00000000faf80000,0x00000000fc683918,0x0000000100000000)
  to   space 77824K, 0% used [0x00000000f6380000,0x00000000f6380000,0x00000000faf80000)
 ParOldGen       total 335872K, used 335693K [0x00000000a0000000, 0x00000000b4800000, 0x00000000e0000000)
  object space 335872K, 99% used [0x00000000a0000000,0x00000000b47d34e0,0x00000000b4800000)
 Metaspace       used 76262K, capacity 81704K, committed 82176K, reserved 1120256K
  class space    used 9469K, capacity 10277K, committed 10496K, reserved 1048576K
Event: 14173.975 GC heap after
Heap after GC invocations=135 (full 21):
 PSYoungGen      total 446464K, used 0K [0x00000000e0000000, 0x0000000100000000, 0x0000000100000000)
  eden space 364032K, 0% used [0x00000000e0000000,0x00000000e0000000,0x00000000f6380000)
  from space 82432K, 0% used [0x00000000faf80000,0x00000000faf80000,0x0000000100000000)
  to   space 77824K, 0% used [0x00000000f6380000,0x00000000f6380000,0x00000000faf80000)
 ParOldGen       total 291840K, used 107210K [0x00000000a0000000, 0x00000000b1d00000, 0x00000000e0000000)
  object space 291840K, 36% used [0x00000000a0000000,0x00000000a68b2950,0x00000000b1d00000)
 Metaspace       used 74593K, capacity 79142K, committed 82176K, reserved 1120256K
  class space    used 9214K, capacity 9772K, committed 10496K, reserved 1048576K
}
Event: 14174.205 GC heap before
{Heap before GC invocations=136 (full 21):
 PSYoungGen      total 446464K, used 138084K [0x00000000e0000000, 0x0000000100000000, 0x0000000100000000)
  eden space 364032K, 37% used [0x00000000e0000000,0x00000000e86d90a0,0x00000000f6380000)
  from space 82432K, 0% used [0x00000000faf80000,0x00000000faf80000,0x0000000100000000)
  to   space 77824K, 0% used [0x00000000f6380000,0x00000000f6380000,0x00000000faf80000)
 ParOldGen       total 291840K, used 107210K [0x00000000a0000000, 0x00000000b1d00000, 0x00000000e0000000)
  object space 291840K, 36% used [0x00000000a0000000,0x00000000a68b2950,0x00000000b1d00000)
 Metaspace       used 74640K, capacity 79214K, committed 82176K, reserved 1120256K
  class space    used 9221K, capacity 9784K, committed 10496K, reserved 1048576K
Event: 14174.207 GC heap after
Heap after GC invocations=136 (full 21):
 PSYoungGen      total 441856K, used 303K [0x00000000e0000000, 0x00000000ffb80000, 0x0000000100000000)
  eden space 364032K, 0% used [0x00000000e0000000,0x00000000e0000000,0x00000000f6380000)
  from space 77824K, 0% used [0x00000000f6380000,0x00000000f63cbce0,0x00000000faf80000)
  to   space 77824K, 0% used [0x00000000faf80000,0x00000000faf80000,0x00000000ffb80000)
 ParOldGen       total 291840K, used 107210K [0x00000000a0000000, 0x00000000b1d00000, 0x00000000e0000000)
  object space 291840K, 36% used [0x00000000a0000000,0x00000000a68b2950,0x00000000b1d00000)
 Metaspace       used 74640K, capacity 79214K, committed 82176K, reserved 1120256K
  class space    used 9221K, capacity 9784K, committed 10496K, reserved 1048576K
}
Event: 14174.207 GC heap before
{Heap before GC invocations=137 (full 22):
 PSYoungGen      total 441856K, used 303K [0x00000000e0000000, 0x00000000ffb80000, 0x0000000100000000)
  eden space 364032K, 0% used [0x00000000e0000000,0x00000000e0000000,0x00000000f6380000)
  from space 77824K, 0% used [0x00000000f6380000,0x00000000f63cbce0,0x00000000faf80000)
  to   space 77824K, 0% used [0x00000000faf80000,0x00000000faf80000,0x00000000ffb80000)
 ParOldGen       total 291840K, used 107210K [0x00000000a0000000, 0x00000000b1d00000, 0x00000000e0000000)
  object space 291840K, 36% used [0x00000000a0000000,0x00000000a68b2950,0x00000000b1d00000)
 Metaspace       used 74640K, capacity 79214K, committed 82176K, reserved 1120256K
  class space    used 9221K, capacity 9784K, committed 10496K, reserved 1048576K
Event: 14174.440 GC heap after
Heap after GC invocations=137 (full 22):
 PSYoungGen      total 441856K, used 0K [0x00000000e0000000, 0x00000000ffb80000, 0x0000000100000000)
  eden space 364032K, 0% used [0x00000000e0000000,0x00000000e0000000,0x00000000f6380000)
  from space 77824K, 0% used [0x00000000f6380000,0x00000000f6380000,0x00000000faf80000)
  to   space 77824K, 0% used [0x00000000faf80000,0x00000000faf80000,0x00000000ffb80000)
 ParOldGen       total 291840K, used 43966K [0x00000000a0000000, 0x00000000b1d00000, 0x00000000e0000000)
  object space 291840K, 15% used [0x00000000a0000000,0x00000000a2aefa20,0x00000000b1d00000)
 Metaspace       used 74073K, capacity 77684K, committed 82176K, reserved 1120256K
  class space    used 9083K, capacity 9529K, committed 10496K, reserved 1048576K
}

